0 info it worked if it ends with ok
1 verbose cli [ 'C:\\Program Files\\nodejs\\node.exe',
1 verbose cli   'C:\\Users\\suren\\AppData\\Roaming\\npm\\node_modules\\npm\\bin\\npm-cli.js',
1 verbose cli   'run',
1 verbose cli   'commit' ]
2 info using npm@3.10.8
3 info using node@v4.4.7
4 verbose run-script [ 'precommit', 'commit', 'postcommit' ]
5 info lifecycle mylib7790@~precommit: mylib7790@
6 silly lifecycle mylib7790@~precommit: no script for precommit, continuing
7 info lifecycle mylib7790@~commit: mylib7790@
8 verbose lifecycle mylib7790@~commit: unsafe-perm in lifecycle true
9 verbose lifecycle mylib7790@~commit: PATH: C:\Users\suren\AppData\Roaming\npm\node_modules\npm\bin\node-gyp-bin;D:\Project\mylib\node_modules\.bin;C:\ProgramData\Oracle\Java\javapath;C:\WINDOWS\system32;C:\WINDOWS;C:\WINDOWS\System32\Wbem;C:\WINDOWS\System32\WindowsPowerShell\v1.0\;C:\Users\suren\AppData\Local\Android\sdk\tools;C:\Program Files\MongoDB\Server\3.2\bin;C:\Program Files\CloudFoundry;C:\Program Files (x86)\Heroku\bin;C:\Program Files (x86)\git\cmd;C:\Program Files (x86)\Git\cmd;C:\Program Files\nodejs\;C:\Program Files\IBM\Bluemix\bin;C:\Program Files (x86)\Brackets\command;C:\Program Files\MATLAB\R2016a\runtime\win64;C:\Program Files\MATLAB\R2016a\bin;C:\Python27;C:\Program Files (x86)\Windows Kits\8.1\Windows Performance Toolkit\;C:\Users\suren\AppData\Local\Android\sdk\platform-tools;C:\Users\suren\AppData\Local\Android\sdk\tools;C:\Users\suren\AppData\Roaming\npm;C:\Program Files\Java\jre1.8.0_101\bin;C:\Program Files\Java\jdk1.8.0_91\bin;C:\Users\suren\AppData\Local\Android\sdk\build-tools\23.0.3;%USERPROFILE%\AppData\Local\Microsoft\WindowsApps;
10 verbose lifecycle mylib7790@~commit: CWD: D:\Project\mylib
11 silly lifecycle mylib7790@~commit: Args: [ '/d /s /c', 'git-cz' ]
12 silly lifecycle mylib7790@~commit: Returned: code: 1  signal: null
13 info lifecycle mylib7790@~commit: Failed to exec commit script
14 verbose stack Error: mylib7790@ commit: `git-cz`
14 verbose stack Exit status 1
14 verbose stack     at EventEmitter.<anonymous> (C:\Users\suren\AppData\Roaming\npm\node_modules\npm\lib\utils\lifecycle.js:255:16)
14 verbose stack     at emitTwo (events.js:87:13)
14 verbose stack     at EventEmitter.emit (events.js:172:7)
14 verbose stack     at ChildProcess.<anonymous> (C:\Users\suren\AppData\Roaming\npm\node_modules\npm\lib\utils\spawn.js:40:14)
14 verbose stack     at emitTwo (events.js:87:13)
14 verbose stack     at ChildProcess.emit (events.js:172:7)
14 verbose stack     at maybeClose (internal/child_process.js:827:16)
14 verbose stack     at Process.ChildProcess._handle.onexit (internal/child_process.js:211:5)
15 verbose pkgid mylib7790@
16 verbose cwd D:\Project\mylib
17 error Windows_NT 10.0.14393
18 error argv "C:\\Program Files\\nodejs\\node.exe" "C:\\Users\\suren\\AppData\\Roaming\\npm\\node_modules\\npm\\bin\\npm-cli.js" "run" "commit"
19 error node v4.4.7
20 error npm  v3.10.8
21 error code ELIFECYCLE
22 error mylib7790@ commit: `git-cz`
22 error Exit status 1
23 error Failed at the mylib7790@ commit script 'git-cz'.
23 error Make sure you have the latest version of node.js and npm installed.
23 error If you do, this is most likely a problem with the mylib7790 package,
23 error not with npm itself.
23 error Tell the author that this fails on your system:
23 error     git-cz
23 error You can get information on how to open an issue for this project with:
23 error     npm bugs mylib7790
23 error Or if that isn't available, you can get their info via:
23 error     npm owner ls mylib7790
23 error There is likely additional logging output above.
24 verbose exit [ 1, true ]
